Using pre-set license
Built from '2020.3/staging' branch; Version is '2020.3.9f1 (108be757e447) revision 1084391'; Using compiler version '192528614'; Build Type 'Release'
OS: 'Windows 10 Pro; OS build 19042.985; Version 2009; 64bit' Language: 'en' Physical Memory: 16318 MB
BatchMode: 1, IsHumanControllingUs: 0, StartBugReporterOnCrash: 0, Is64bit: 1, IsPro: 0

 COMMAND LINE ARGUMENTS:
C:\Program Files\Unity\Hub\Editor\2020.3.9f1\Editor\Unity.exe
-adb2
-batchMode
-noUpm
-name
AssetImportWorker0
-projectPath
D:/tes/game-main
-logFile
Logs/AssetImportWorker0.log
-srvPort
59338
Successfully changed project path to: D:/tes/game-main
D:/tes/game-main
Using Asset Import Pipeline V2.
Refreshing native plugins compatible for Editor in 32.21 ms, found 1 plugins.
Preloading 0 native plugins for Editor in 0.00 ms.
Initialize engine version: 2020.3.9f1 (108be757e447)
[Subsystems] Discovering subsystems at path C:/Program Files/Unity/Hub/Editor/2020.3.9f1/Editor/Data/Resources/UnitySubsystems
[Subsystems] Discovering subsystems at path D:/tes/game-main/Assets
GfxDevice: creating device client; threaded=0
Direct3D:
    Version:  Direct3D 11.0 [level 11.1]
    Renderer: NVIDIA GeForce GTX 1060 3GB (ID=0x1c02)
    Vendor:   
    VRAM:     2988 MB
    Driver:   27.21.14.5671
Initialize mono
Mono path[0] = 'C:/Program Files/Unity/Hub/Editor/2020.3.9f1/Editor/Data/Managed'
Mono path[1] = 'C:/Program Files/Unity/Hub/Editor/2020.3.9f1/Editor/Data/MonoBleedingEdge/lib/mono/unityjit'
Mono config path = 'C:/Program Files/Unity/Hub/Editor/2020.3.9f1/Editor/Data/MonoBleedingEdge/etc'
Using monoOptions --debugger-agent=transport=dt_socket,embedding=1,server=y,suspend=n,address=127.0.0.1:56868
Begin MonoManager ReloadAssembly
Registering precompiled unity dll's ...
Register platform support module: C:/Program Files/Unity/Hub/Editor/2020.3.9f1/Editor/Data/PlaybackEngines/WindowsStandaloneSupport/UnityEditor.WindowsStandalone.Extensions.dll
Registered in 0.001503 seconds.
Native extension for WindowsStandalone target not found
Refreshing native plugins compatible for Editor in 32.47 ms, found 1 plugins.
Preloading 0 native plugins for Editor in 0.00 ms.
Mono: successfully reloaded assembly
- Completed reload, in  1.450 seconds
Platform modules already initialized, skipping
Registering precompiled user dll's ...
Registered in 0.000627 seconds.
Begin MonoManager ReloadAssembly
Native extension for WindowsStandalone target not found
Refreshing native plugins compatible for Editor in 33.12 ms, found 1 plugins.
Preloading 0 native plugins for Editor in 0.00 ms.
Mono: successfully reloaded assembly
- Completed reload, in  0.770 seconds
Platform modules already initialized, skipping
========================================================================
Worker process is ready to serve import requests
Launched and connected shader compiler UnityShaderCompiler.exe after 0.04 seconds
Refreshing native plugins compatible for Editor in 0.36 ms, found 1 plugins.
Preloading 0 native plugins for Editor in 0.00 ms.
Unloading 1816 Unused Serialized files (Serialized files now loaded: 0)
System memory in use before: 85.3 MB.
System memory in use after: 85.4 MB.

Unloading 19 unused Assets to reduce memory usage. Loaded Objects now: 2265.
Total: 1.691600 ms (FindLiveObjects: 0.155200 ms CreateObjectMapping: 0.042700 ms MarkObjects: 1.445800 ms  DeleteObjects: 0.047400 ms)

========================================================================
Received Import Request.
  path: Assets/Scenes/1play3.unity
  artifactKey: Guid(70c8c1d5b76dffc4ab4c4bee6630c3e8) Importer(815301076,1909f56bfc062723c751e8b465ee728b)
Start importing Assets/Scenes/1play3.unity using Guid(70c8c1d5b76dffc4ab4c4bee6630c3e8) Importer(815301076,1909f56bfc062723c751e8b465ee728b)  -> (artifact id: 'c6b5bc8c796bf6d1925445e3316cc7ae') in 0.012476 seconds
  Import took 0.014831 seconds .

========================================================================
Received Prepare
Registering precompiled user dll's ...
Registered in 0.000677 seconds.
Begin MonoManager ReloadAssembly
Native extension for WindowsStandalone target not found
Refreshing native plugins compatible for Editor in 0.39 ms, found 1 plugins.
Preloading 0 native plugins for Editor in 0.00 ms.
Mono: successfully reloaded assembly
- Completed reload, in  0.703 seconds
Platform modules already initialized, skipping
Refreshing native plugins compatible for Editor in 0.37 ms, found 1 plugins.
Preloading 0 native plugins for Editor in 0.00 ms.
Unloading 1806 Unused Serialized files (Serialized files now loaded: 0)
System memory in use before: 84.8 MB.
System memory in use after: 84.9 MB.

Unloading 7 unused Assets to reduce memory usage. Loaded Objects now: 2269.
Total: 1.837100 ms (FindLiveObjects: 0.156100 ms CreateObjectMapping: 0.046700 ms MarkObjects: 1.619000 ms  DeleteObjects: 0.014600 ms)

========================================================================
Received Prepare
Registering precompiled user dll's ...
Registered in 0.000716 seconds.
Begin MonoManager ReloadAssembly
Native extension for WindowsStandalone target not found
Refreshing native plugins compatible for Editor in 0.37 ms, found 1 plugins.
Preloading 0 native plugins for Editor in 0.00 ms.
Mono: successfully reloaded assembly
- Completed reload, in  0.691 seconds
Platform modules already initialized, skipping
Refreshing native plugins compatible for Editor in 0.36 ms, found 1 plugins.
Preloading 0 native plugins for Editor in 0.00 ms.
Unloading 1806 Unused Serialized files (Serialized files now loaded: 0)
System memory in use before: 84.8 MB.
System memory in use after: 84.9 MB.

Unloading 7 unused Assets to reduce memory usage. Loaded Objects now: 2273.
Total: 1.876300 ms (FindLiveObjects: 0.159800 ms CreateObjectMapping: 0.046900 ms MarkObjects: 1.653000 ms  DeleteObjects: 0.015900 ms)

========================================================================
Received Import Request.
  Time since last request: 75.334028 seconds.
  path: Assets/Scenes/1play1.unity
  artifactKey: Guid(4468441a2702c244b9417da6584bddeb) Importer(815301076,1909f56bfc062723c751e8b465ee728b)
Start importing Assets/Scenes/1play1.unity using Guid(4468441a2702c244b9417da6584bddeb) Importer(815301076,1909f56bfc062723c751e8b465ee728b)  -> (artifact id: 'a2897125e23405f45e611115b116ebe2') in 0.012482 seconds
  Import took 0.014875 seconds .

========================================================================
Received Prepare
Registering precompiled user dll's ...
Registered in 0.000628 seconds.
Begin MonoManager ReloadAssembly
Native extension for WindowsStandalone target not found
Refreshing native plugins compatible for Editor in 0.37 ms, found 1 plugins.
Preloading 0 native plugins for Editor in 0.00 ms.
Mono: successfully reloaded assembly
- Completed reload, in  0.669 seconds
Platform modules already initialized, skipping
Refreshing native plugins compatible for Editor in 0.36 ms, found 1 plugins.
Preloading 0 native plugins for Editor in 0.00 ms.
Unloading 1806 Unused Serialized files (Serialized files now loaded: 0)
System memory in use before: 84.8 MB.
System memory in use after: 84.9 MB.

Unloading 7 unused Assets to reduce memory usage. Loaded Objects now: 2277.
Total: 2.447100 ms (FindLiveObjects: 0.154100 ms CreateObjectMapping: 0.043800 ms MarkObjects: 2.231400 ms  DeleteObjects: 0.017100 ms)

========================================================================
Received Prepare
Registering precompiled user dll's ...
Registered in 0.000677 seconds.
Begin MonoManager ReloadAssembly
Native extension for WindowsStandalone target not found
Refreshing native plugins compatible for Editor in 0.37 ms, found 1 plugins.
Preloading 0 native plugins for Editor in 0.00 ms.
Mono: successfully reloaded assembly
- Completed reload, in  0.703 seconds
Platform modules already initialized, skipping
Refreshing native plugins compatible for Editor in 0.38 ms, found 1 plugins.
Preloading 0 native plugins for Editor in 0.00 ms.
Unloading 1806 Unused Serialized files (Serialized files now loaded: 0)
System memory in use before: 84.8 MB.
System memory in use after: 85.0 MB.

Unloading 7 unused Assets to reduce memory usage. Loaded Objects now: 2281.
Total: 1.898100 ms (FindLiveObjects: 0.165000 ms CreateObjectMapping: 0.047300 ms MarkObjects: 1.666500 ms  DeleteObjects: 0.018400 ms)

========================================================================
Received Prepare
Registering precompiled user dll's ...
Registered in 0.000665 seconds.
Begin MonoManager ReloadAssembly
Native extension for WindowsStandalone target not found
Refreshing native plugins compatible for Editor in 0.39 ms, found 1 plugins.
Preloading 0 native plugins for Editor in 0.00 ms.
Mono: successfully reloaded assembly
- Completed reload, in  0.675 seconds
Platform modules already initialized, skipping
Refreshing native plugins compatible for Editor in 0.36 ms, found 1 plugins.
Preloading 0 native plugins for Editor in 0.00 ms.
Unloading 1806 Unused Serialized files (Serialized files now loaded: 0)
System memory in use before: 84.9 MB.
System memory in use after: 85.0 MB.

Unloading 7 unused Assets to reduce memory usage. Loaded Objects now: 2285.
Total: 1.509700 ms (FindLiveObjects: 0.130300 ms CreateObjectMapping: 0.047200 ms MarkObjects: 1.318400 ms  DeleteObjects: 0.013300 ms)

========================================================================
Received Prepare
Registering precompiled user dll's ...
Registered in 0.000650 seconds.
Begin MonoManager ReloadAssembly
Native extension for WindowsStandalone target not found
Refreshing native plugins compatible for Editor in 0.37 ms, found 1 plugins.
Preloading 0 native plugins for Editor in 0.00 ms.
Mono: successfully reloaded assembly
- Completed reload, in  0.667 seconds
Platform modules already initialized, skipping
Refreshing native plugins compatible for Editor in 0.36 ms, found 1 plugins.
Preloading 0 native plugins for Editor in 0.00 ms.
Unloading 1806 Unused Serialized files (Serialized files now loaded: 0)
System memory in use before: 84.9 MB.
System memory in use after: 85.0 MB.

Unloading 7 unused Assets to reduce memory usage. Loaded Objects now: 2289.
Total: 1.808200 ms (FindLiveObjects: 0.148900 ms CreateObjectMapping: 0.043300 ms MarkObjects: 1.601100 ms  DeleteObjects: 0.014200 ms)

========================================================================
Received Import Request.
  Time since last request: 678.865633 seconds.
  path: Assets/20 Logos PSD
  artifactKey: Guid(4d6e865c9bd39c24ca91892f3db8724a) Importer(815301076,1909f56bfc062723c751e8b465ee728b)
Start importing Assets/20 Logos PSD using Guid(4d6e865c9bd39c24ca91892f3db8724a) Importer(815301076,1909f56bfc062723c751e8b465ee728b)  -> (artifact id: 'd9a0c811703fcd4ac80ae915c5077f5d') in 0.010309 seconds
  Import took 0.013491 seconds .

========================================================================
Received Import Request.
  Time since last request: 42.931566 seconds.
  path: Assets/Puzzle stage & settings GUI Pack/Demo Scenes
  artifactKey: Guid(4f704ae4b4f98ae41a0bce26658850c1) Importer(815301076,1909f56bfc062723c751e8b465ee728b)
Start importing Assets/Puzzle stage & settings GUI Pack/Demo Scenes using Guid(4f704ae4b4f98ae41a0bce26658850c1) Importer(815301076,1909f56bfc062723c751e8b465ee728b)  -> (artifact id: '5d0e80bf47c6f4d70d13b17e6c08604a') in 0.006685 seconds
  Import took 0.009314 seconds .

========================================================================
Received Import Request.
  Time since last request: 50.262066 seconds.
  path: Assets/Scenes/Story.unity
  artifactKey: Guid(0598c8717fbab354ba2b2b5e2ea58b00) Importer(815301076,1909f56bfc062723c751e8b465ee728b)
Start importing Assets/Scenes/Story.unity using Guid(0598c8717fbab354ba2b2b5e2ea58b00) Importer(815301076,1909f56bfc062723c751e8b465ee728b)  -> (artifact id: '9e2856112af5607d1340f2602fb9eea7') in 0.011021 seconds
  Import took 0.013564 seconds .

========================================================================
Received Import Request.
  Time since last request: 8.154683 seconds.
  path: Assets/Scenes/bg1.png
  artifactKey: Guid(394ba331a6656064284a2dd861816550) Importer(815301076,1909f56bfc062723c751e8b465ee728b)
Start importing Assets/Scenes/bg1.png using Guid(394ba331a6656064284a2dd861816550) Importer(815301076,1909f56bfc062723c751e8b465ee728b)  -> (artifact id: 'f6f2d5f9d8e899877ee7f014dc28a2df') in 0.181287 seconds
  Import took 0.183710 seconds .

========================================================================
Received Import Request.
  Time since last request: 297.751603 seconds.
  path: Assets/Little Cat Girl
  artifactKey: Guid(a5357095adef9cd4299a502f1b1ad0fd) Importer(815301076,1909f56bfc062723c751e8b465ee728b)
Start importing Assets/Little Cat Girl using Guid(a5357095adef9cd4299a502f1b1ad0fd) Importer(815301076,1909f56bfc062723c751e8b465ee728b)  -> (artifact id: '10f2535babffaa5be59770c589360ec1') in 0.007799 seconds
  Import took 0.010277 seconds .

========================================================================
Received Import Request.
  Time since last request: 4.905442 seconds.
  path: Assets/Little Cat Girl/Little_Cat_Girl_ref.png
  artifactKey: Guid(9b5c6a59633540f4597ed6ca77618c3a) Importer(815301076,1909f56bfc062723c751e8b465ee728b)
Start importing Assets/Little Cat Girl/Little_Cat_Girl_ref.png using Guid(9b5c6a59633540f4597ed6ca77618c3a) Importer(815301076,1909f56bfc062723c751e8b465ee728b)  -> (artifact id: 'ead10f631e98c557652790a1bb94a6d0') in 0.015767 seconds
  Import took 0.018192 seconds .

========================================================================
Received Import Request.
  Time since last request: 33.364333 seconds.
  path: Assets/Little Cat Girl/Little_Cat_Girl.unity
  artifactKey: Guid(4182367146eb8cd448fbd4089c2ffed6) Importer(815301076,1909f56bfc062723c751e8b465ee728b)
Start importing Assets/Little Cat Girl/Little_Cat_Girl.unity using Guid(4182367146eb8cd448fbd4089c2ffed6) Importer(815301076,1909f56bfc062723c751e8b465ee728b)  -> (artifact id: '491feec90240d3fb460dfaaa9906e29c') in 0.005562 seconds
  Import took 0.008753 seconds .

========================================================================
Received Import Request.
  Time since last request: 343.428908 seconds.
  path: Assets/Little Cat Girl/Little_Cat_Girl.prefab
  artifactKey: Guid(eef7dbc3fcb9a6b4db5e157a8e96c3df) Importer(815301076,1909f56bfc062723c751e8b465ee728b)
Start importing Assets/Little Cat Girl/Little_Cat_Girl.prefab using Guid(eef7dbc3fcb9a6b4db5e157a8e96c3df) Importer(815301076,1909f56bfc062723c751e8b465ee728b)  -> (artifact id: '381386f3254340b57e101fc217d0a850') in 0.107194 seconds
  Import took 0.110962 seconds .

========================================================================
Received Import Request.
  Time since last request: 0.000215 seconds.
  path: Assets/Little Cat Girl/Little_Cat_Girl_parts.png
  artifactKey: Guid(e40579d982378d7469bbf2ea1eca7a43) Importer(815301076,1909f56bfc062723c751e8b465ee728b)
Start importing Assets/Little Cat Girl/Little_Cat_Girl_parts.png using Guid(e40579d982378d7469bbf2ea1eca7a43) Importer(815301076,1909f56bfc062723c751e8b465ee728b)  -> (artifact id: '557dc85c6dbae01e9f756adfb0de5eb4') in 0.049161 seconds
  Import took 0.051572 seconds .

========================================================================
Received Import Request.
  Time since last request: 20.260476 seconds.
  path: Assets/Little Cat Girl/Little_Cat_GirlRig.controller
  artifactKey: Guid(fa7e5c5873b023b44a4c18c1501221a3) Importer(815301076,1909f56bfc062723c751e8b465ee728b)
Start importing Assets/Little Cat Girl/Little_Cat_GirlRig.controller using Guid(fa7e5c5873b023b44a4c18c1501221a3) Importer(815301076,1909f56bfc062723c751e8b465ee728b)  -> (artifact id: '1e0197ef13f833034de46a92adeadbe3') in 0.014868 seconds
  Import took 0.018203 seconds .

========================================================================
Received Prepare
Registering precompiled user dll's ...
Registered in 0.000699 seconds.
Begin MonoManager ReloadAssembly
Native extension for WindowsStandalone target not found
Refreshing native plugins compatible for Editor in 0.37 ms, found 1 plugins.
Preloading 0 native plugins for Editor in 0.00 ms.
Mono: successfully reloaded assembly
- Completed reload, in  0.682 seconds
Platform modules already initialized, skipping
Refreshing native plugins compatible for Editor in 0.38 ms, found 1 plugins.
Preloading 0 native plugins for Editor in 0.00 ms.
Unloading 1806 Unused Serialized files (Serialized files now loaded: 0)
System memory in use before: 88.0 MB.
System memory in use after: 88.2 MB.

Unloading 7 unused Assets to reduce memory usage. Loaded Objects now: 2328.
Total: 1.741300 ms (FindLiveObjects: 0.164300 ms CreateObjectMapping: 0.045000 ms MarkObjects: 1.518600 ms  DeleteObjects: 0.012700 ms)

========================================================================
Received Prepare
Registering precompiled user dll's ...
Registered in 0.000668 seconds.
Begin MonoManager ReloadAssembly
Native extension for WindowsStandalone target not found
Refreshing native plugins compatible for Editor in 0.37 ms, found 1 plugins.
Preloading 0 native plugins for Editor in 0.00 ms.
Mono: successfully reloaded assembly
- Completed reload, in  0.679 seconds
Platform modules already initialized, skipping
Refreshing native plugins compatible for Editor in 0.36 ms, found 1 plugins.
Preloading 0 native plugins for Editor in 0.00 ms.
Unloading 1806 Unused Serialized files (Serialized files now loaded: 0)
System memory in use before: 88.1 MB.
System memory in use after: 88.2 MB.

Unloading 7 unused Assets to reduce memory usage. Loaded Objects now: 2332.
Total: 1.815400 ms (FindLiveObjects: 0.155300 ms CreateObjectMapping: 0.044200 ms MarkObjects: 1.604100 ms  DeleteObjects: 0.011300 ms)

========================================================================
Received Prepare
Registering precompiled user dll's ...
Registered in 0.000759 seconds.
Begin MonoManager ReloadAssembly
Native extension for WindowsStandalone target not found
Refreshing native plugins compatible for Editor in 0.62 ms, found 1 plugins.
Preloading 0 native plugins for Editor in 0.00 ms.
Mono: successfully reloaded assembly
- Completed reload, in  0.730 seconds
Platform modules already initialized, skipping
Refreshing native plugins compatible for Editor in 0.39 ms, found 1 plugins.
Preloading 0 native plugins for Editor in 0.00 ms.
Unloading 1853 Unused Serialized files (Serialized files now loaded: 0)
System memory in use before: 91.1 MB.
System memory in use after: 90.6 MB.

Unloading 20 unused Assets to reduce memory usage. Loaded Objects now: 2370.
Total: 2.039000 ms (FindLiveObjects: 0.173200 ms CreateObjectMapping: 0.052900 ms MarkObjects: 1.550600 ms  DeleteObjects: 0.261500 ms)

========================================================================
Received Import Request.
  Time since last request: 378.950794 seconds.
  path: Assets/20 Logos PSD/Fonts/kaushanscript/KaushanScript-Regular.otf
  artifactKey: Guid(f7508c2b80305714d907f17b4684eb42) Importer(815301076,1909f56bfc062723c751e8b465ee728b)
Start importing Assets/20 Logos PSD/Fonts/kaushanscript/KaushanScript-Regular.otf using Guid(f7508c2b80305714d907f17b4684eb42) Importer(815301076,1909f56bfc062723c751e8b465ee728b)  -> (artifact id: '8c573230956c82ae8b3627a906dd1dc9') in 0.122160 seconds
  Import took 0.125428 seconds .

========================================================================
Received Import Request.
  Time since last request: 0.000199 seconds.
  path: Assets/20 Logos PSD/Fonts/peacesans/Peace Sans.otf
  artifactKey: Guid(88ea75a9053f106459a11a24e6d30129) Importer(815301076,1909f56bfc062723c751e8b465ee728b)
Start importing Assets/20 Logos PSD/Fonts/peacesans/Peace Sans.otf using Guid(88ea75a9053f106459a11a24e6d30129) Importer(815301076,1909f56bfc062723c751e8b465ee728b)  -> (artifact id: '0de744e12027f51e3f0cfd0249858f83') in 0.017217 seconds
  Import took 0.020141 seconds .

========================================================================
Received Import Request.
  Time since last request: 0.000207 seconds.
  path: Assets/TextMesh Pro/Examples & Extras/Fonts/Oswald-Bold.ttf
  artifactKey: Guid(c9f6d0e7bc8541498c9a4799ba184ede) Importer(815301076,1909f56bfc062723c751e8b465ee728b)
Start importing Assets/TextMesh Pro/Examples & Extras/Fonts/Oswald-Bold.ttf using Guid(c9f6d0e7bc8541498c9a4799ba184ede) Importer(815301076,1909f56bfc062723c751e8b465ee728b)  -> (artifact id: '9d313bcea6b6ddf2c8c0bdfd1fb81dfc') in 0.016047 seconds
  Import took 0.019823 seconds .

========================================================================
Received Import Request.
  Time since last request: 0.000177 seconds.
  path: Assets/TextMesh Pro/Examples & Extras/Fonts/Roboto-Bold.ttf
  artifactKey: Guid(4beb055f07aaff244873dec698d0363e) Importer(815301076,1909f56bfc062723c751e8b465ee728b)
Start importing Assets/TextMesh Pro/Examples & Extras/Fonts/Roboto-Bold.ttf using Guid(4beb055f07aaff244873dec698d0363e) Importer(815301076,1909f56bfc062723c751e8b465ee728b)  -> (artifact id: '6c0d3d5e9fbf8ba6903c17dcbf477454') in 0.012049 seconds
  Import took 0.015591 seconds .

========================================================================
Received Import Request.
  Time since last request: 0.000226 seconds.
  path: Assets/20 Logos PSD/Fonts/molot/molot.regular.otf
  artifactKey: Guid(43b35623d2933d6439c69fbb690a9f8c) Importer(815301076,1909f56bfc062723c751e8b465ee728b)
Start importing Assets/20 Logos PSD/Fonts/molot/molot.regular.otf using Guid(43b35623d2933d6439c69fbb690a9f8c) Importer(815301076,1909f56bfc062723c751e8b465ee728b)  -> (artifact id: '577ecea80101b94a243f5841694c31e7') in 0.011926 seconds
  Import took 0.014842 seconds .

========================================================================
Received Import Request.
  Time since last request: 0.000207 seconds.
  path: Assets/TextMesh Pro/Fonts/LiberationSans.ttf
  artifactKey: Guid(e3265ab4bf004d28a9537516768c1c75) Importer(815301076,1909f56bfc062723c751e8b465ee728b)
Start importing Assets/TextMesh Pro/Fonts/LiberationSans.ttf using Guid(e3265ab4bf004d28a9537516768c1c75) Importer(815301076,1909f56bfc062723c751e8b465ee728b)  -> (artifact id: 'bdddd331c3f1b7826858a8d92db67e39') in 0.012166 seconds
  Import took 0.014875 seconds .

========================================================================
Received Import Request.
  Time since last request: 0.000177 seconds.
  path: Assets/20 Logos PSD/Fonts/peacesans/Peace Sans Webfont.ttf
  artifactKey: Guid(f5e7dee13b48c5644b6fe87cb6185509) Importer(815301076,1909f56bfc062723c751e8b465ee728b)
Start importing Assets/20 Logos PSD/Fonts/peacesans/Peace Sans Webfont.ttf using Guid(f5e7dee13b48c5644b6fe87cb6185509) Importer(815301076,1909f56bfc062723c751e8b465ee728b)  -> (artifact id: '3b7705e6707ae779d7e077293cac504c') in 0.011390 seconds
  Import took 0.014975 seconds .

========================================================================
Received Import Request.
  Time since last request: 0.005379 seconds.
  path: Assets/20 Logos PSD/Fonts/molot/molot.regular.otf
  artifactKey: Guid(43b35623d2933d6439c69fbb690a9f8c) Importer(815301076,1909f56bfc062723c751e8b465ee728b)
Start importing Assets/20 Logos PSD/Fonts/molot/molot.regular.otf using Guid(43b35623d2933d6439c69fbb690a9f8c) Importer(815301076,1909f56bfc062723c751e8b465ee728b)  -> (artifact id: '577ecea80101b94a243f5841694c31e7') in 0.006882 seconds
  Import took 0.009793 seconds .

========================================================================
Received Import Request.
  Time since last request: 1.790324 seconds.
  path: Assets/20 Logos PSD/Fonts/gilam/Gilam-BlackDEMO.otf
  artifactKey: Guid(eebe1b5c7ff612f4bb4b6b9602c632f4) Importer(815301076,1909f56bfc062723c751e8b465ee728b)
Start importing Assets/20 Logos PSD/Fonts/gilam/Gilam-BlackDEMO.otf using Guid(eebe1b5c7ff612f4bb4b6b9602c632f4) Importer(815301076,1909f56bfc062723c751e8b465ee728b)  -> (artifact id: 'c377cec9400078981e688c1ee5a76c6a') in 0.011265 seconds
  Import took 0.013875 seconds .

========================================================================
Received Import Request.
  Time since last request: 0.000194 seconds.
  path: Assets/20 Logos PSD/Fonts/gilam/Gilam-ThinItalicDEMO.otf
  artifactKey: Guid(6ace2bbc3eb00bf4890451d4fff0e470) Importer(815301076,1909f56bfc062723c751e8b465ee728b)
Start importing Assets/20 Logos PSD/Fonts/gilam/Gilam-ThinItalicDEMO.otf using Guid(6ace2bbc3eb00bf4890451d4fff0e470) Importer(815301076,1909f56bfc062723c751e8b465ee728b)  -> (artifact id: '66eb3dc865582261a30576f768b3c574') in 0.011759 seconds
  Import took 0.014194 seconds .

========================================================================
Received Import Request.
  Time since last request: 0.794945 seconds.
  path: Assets/20 Logos PSD/Fonts/firasansheavy/FiraSans-UltraLightItalic.otf
  artifactKey: Guid(4a278300834fbdc47a10e1eb508225f8) Importer(815301076,1909f56bfc062723c751e8b465ee728b)
Start importing Assets/20 Logos PSD/Fonts/firasansheavy/FiraSans-UltraLightItalic.otf using Guid(4a278300834fbdc47a10e1eb508225f8) Importer(815301076,1909f56bfc062723c751e8b465ee728b)  -> (artifact id: 'cbcb72da8dedf12b23407d7335415a11') in 0.014504 seconds
  Import took 0.018026 seconds .

========================================================================
Received Import Request.
  Time since last request: 0.000201 seconds.
  path: Assets/20 Logos PSD/Fonts/foo/foo.ttf
  artifactKey: Guid(da7bcbdc7c217d744b0b7639bf742831) Importer(815301076,1909f56bfc062723c751e8b465ee728b)
Start importing Assets/20 Logos PSD/Fonts/foo/foo.ttf using Guid(da7bcbdc7c217d744b0b7639bf742831) Importer(815301076,1909f56bfc062723c751e8b465ee728b)  -> (artifact id: 'dc1fe52d542185f624a65175d1028dd0') in 0.010571 seconds
  Import took 0.012932 seconds .

========================================================================
Received Import Request.
  Time since last request: 0.596040 seconds.
  path: Assets/20 Logos PSD/Fonts/firasansheavy/FiraSans-UltraItalic.otf
  artifactKey: Guid(c2e0e2bcb7878224e8bb2dc97883037d) Importer(815301076,1909f56bfc062723c751e8b465ee728b)
Start importing Assets/20 Logos PSD/Fonts/firasansheavy/FiraSans-UltraItalic.otf using Guid(c2e0e2bcb7878224e8bb2dc97883037d) Importer(815301076,1909f56bfc062723c751e8b465ee728b)  -> (artifact id: '25f827acf36abc4649de6f33c0637a31') in 0.010544 seconds
  Import took 0.013080 seconds .

========================================================================
Received Import Request.
  Time since last request: 0.000199 seconds.
  path: Assets/20 Logos PSD/Fonts/firasansheavy/FiraSans-UltraLight.otf
  artifactKey: Guid(fb5b99b77d3832747a5b324d33255996) Importer(815301076,1909f56bfc062723c751e8b465ee728b)
Start importing Assets/20 Logos PSD/Fonts/firasansheavy/FiraSans-UltraLight.otf using Guid(fb5b99b77d3832747a5b324d33255996) Importer(815301076,1909f56bfc062723c751e8b465ee728b)  -> (artifact id: 'a3917d3ef40172a71d6efcc8fa6573d9') in 0.010384 seconds
  Import took 0.013310 seconds .

========================================================================
Received Prepare
Registering precompiled user dll's ...
Registered in 0.000663 seconds.
Begin MonoManager ReloadAssembly
Native extension for WindowsStandalone target not found
Refreshing native plugins compatible for Editor in 0.40 ms, found 1 plugins.
Preloading 0 native plugins for Editor in 0.00 ms.
Mono: successfully reloaded assembly
- Completed reload, in  0.676 seconds
Platform modules already initialized, skipping
Refreshing native plugins compatible for Editor in 0.39 ms, found 1 plugins.
Preloading 0 native plugins for Editor in 0.00 ms.
Unloading 1853 Unused Serialized files (Serialized files now loaded: 0)
System memory in use before: 91.7 MB.
System memory in use after: 91.2 MB.

Unloading 20 unused Assets to reduce memory usage. Loaded Objects now: 2412.
Total: 1.970800 ms (FindLiveObjects: 0.174700 ms CreateObjectMapping: 0.046400 ms MarkObjects: 1.478800 ms  DeleteObjects: 0.270000 ms)

========================================================================
Received Prepare
Registering precompiled user dll's ...
Registered in 0.000655 seconds.
Begin MonoManager ReloadAssembly
Native extension for WindowsStandalone target not found
Refreshing native plugins compatible for Editor in 0.40 ms, found 1 plugins.
Preloading 0 native plugins for Editor in 0.00 ms.
Mono: successfully reloaded assembly
- Completed reload, in  0.689 seconds
Platform modules already initialized, skipping
Refreshing native plugins compatible for Editor in 0.39 ms, found 1 plugins.
Preloading 0 native plugins for Editor in 0.00 ms.
Unloading 1853 Unused Serialized files (Serialized files now loaded: 0)
System memory in use before: 91.7 MB.
System memory in use after: 91.2 MB.

Unloading 20 unused Assets to reduce memory usage. Loaded Objects now: 2416.
Total: 2.137600 ms (FindLiveObjects: 0.168500 ms CreateObjectMapping: 0.047400 ms MarkObjects: 1.642800 ms  DeleteObjects: 0.278300 ms)

========================================================================
Received Prepare
Registering precompiled user dll's ...
Registered in 0.000642 seconds.
Begin MonoManager ReloadAssembly
Native extension for WindowsStandalone target not found
Refreshing native plugins compatible for Editor in 0.39 ms, found 1 plugins.
Preloading 0 native plugins for Editor in 0.00 ms.
Mono: successfully reloaded assembly
- Completed reload, in  0.690 seconds
Platform modules already initialized, skipping
Refreshing native plugins compatible for Editor in 0.37 ms, found 1 plugins.
Preloading 0 native plugins for Editor in 0.00 ms.
Unloading 1853 Unused Serialized files (Serialized files now loaded: 0)
System memory in use before: 91.7 MB.
System memory in use after: 91.2 MB.

Unloading 20 unused Assets to reduce memory usage. Loaded Objects now: 2420.
Total: 2.067500 ms (FindLiveObjects: 0.143500 ms CreateObjectMapping: 0.047600 ms MarkObjects: 1.599300 ms  DeleteObjects: 0.276300 ms)

========================================================================
Received Import Request.
  Time since last request: 237.232681 seconds.
  path: Assets/script/Dialog.cs
  artifactKey: Guid(7361ae64070572c47a005d9ce14dd4f8) Importer(815301076,1909f56bfc062723c751e8b465ee728b)
Start importing Assets/script/Dialog.cs using Guid(7361ae64070572c47a005d9ce14dd4f8) Importer(815301076,1909f56bfc062723c751e8b465ee728b)  -> (artifact id: 'eb64b32506c7d8bcd70030b7c0f3fd57') in 0.019066 seconds
  Import took 0.022592 seconds .

========================================================================
Received Prepare
Registering precompiled user dll's ...
Registered in 0.000671 seconds.
Begin MonoManager ReloadAssembly
Native extension for WindowsStandalone target not found
Refreshing native plugins compatible for Editor in 0.40 ms, found 1 plugins.
Preloading 0 native plugins for Editor in 0.00 ms.
Mono: successfully reloaded assembly
- Completed reload, in  0.748 seconds
Platform modules already initialized, skipping
Refreshing native plugins compatible for Editor in 0.39 ms, found 1 plugins.
Preloading 0 native plugins for Editor in 0.00 ms.
Unloading 1854 Unused Serialized files (Serialized files now loaded: 0)
System memory in use before: 91.8 MB.
System memory in use after: 91.2 MB.

Unloading 20 unused Assets to reduce memory usage. Loaded Objects now: 2425.
Total: 1.901900 ms (FindLiveObjects: 0.165900 ms CreateObjectMapping: 0.050500 ms MarkObjects: 1.419800 ms  DeleteObjects: 0.265200 ms)

========================================================================
Received Prepare
Registering precompiled user dll's ...
Registered in 0.000683 seconds.
Begin MonoManager ReloadAssembly
Native extension for WindowsStandalone target not found
Refreshing native plugins compatible for Editor in 0.38 ms, found 1 plugins.
Preloading 0 native plugins for Editor in 0.00 ms.
Mono: successfully reloaded assembly
- Completed reload, in  0.695 seconds
Platform modules already initialized, skipping
Refreshing native plugins compatible for Editor in 0.37 ms, found 1 plugins.
Preloading 0 native plugins for Editor in 0.00 ms.
Unloading 1854 Unused Serialized files (Serialized files now loaded: 0)
System memory in use before: 91.8 MB.
System memory in use after: 91.2 MB.

Unloading 20 unused Assets to reduce memory usage. Loaded Objects now: 2429.
Total: 2.052500 ms (FindLiveObjects: 0.148100 ms CreateObjectMapping: 0.050900 ms MarkObjects: 1.490600 ms  DeleteObjects: 0.362000 ms)

========================================================================
Received Import Request.
  Time since last request: 37.627138 seconds.
  path: Assets/script/Dialog.cs
  artifactKey: Guid(7361ae64070572c47a005d9ce14dd4f8) Importer(815301076,1909f56bfc062723c751e8b465ee728b)
Start importing Assets/script/Dialog.cs using Guid(7361ae64070572c47a005d9ce14dd4f8) Importer(815301076,1909f56bfc062723c751e8b465ee728b)  -> (artifact id: 'ee0d0fc4c1a083fc600ec5c9709b7220') in 0.003408 seconds
  Import took 0.005753 seconds .

========================================================================
Received Prepare
Registering precompiled user dll's ...
Registered in 0.000659 seconds.
Begin MonoManager ReloadAssembly
Native extension for WindowsStandalone target not found
Refreshing native plugins compatible for Editor in 0.39 ms, found 1 plugins.
Preloading 0 native plugins for Editor in 0.00 ms.
Mono: successfully reloaded assembly
- Completed reload, in  0.675 seconds
Platform modules already initialized, skipping
Refreshing native plugins compatible for Editor in 0.39 ms, found 1 plugins.
Preloading 0 native plugins for Editor in 0.00 ms.
Unloading 1854 Unused Serialized files (Serialized files now loaded: 0)
System memory in use before: 91.8 MB.
System memory in use after: 91.2 MB.

Unloading 20 unused Assets to reduce memory usage. Loaded Objects now: 2433.
Total: 1.962900 ms (FindLiveObjects: 0.170900 ms CreateObjectMapping: 0.049200 ms MarkObjects: 1.467200 ms  DeleteObjects: 0.275000 ms)

========================================================================
Received Prepare
Registering precompiled user dll's ...
Registered in 0.000681 seconds.
Begin MonoManager ReloadAssembly
Native extension for WindowsStandalone target not found
Refreshing native plugins compatible for Editor in 0.38 ms, found 1 plugins.
Preloading 0 native plugins for Editor in 0.00 ms.
Mono: successfully reloaded assembly
- Completed reload, in  0.683 seconds
Platform modules already initialized, skipping
Refreshing native plugins compatible for Editor in 0.40 ms, found 1 plugins.
Preloading 0 native plugins for Editor in 0.00 ms.
Unloading 1854 Unused Serialized files (Serialized files now loaded: 0)
System memory in use before: 91.8 MB.
System memory in use after: 91.2 MB.

Unloading 20 unused Assets to reduce memory usage. Loaded Objects now: 2437.
Total: 2.071600 ms (FindLiveObjects: 0.164000 ms CreateObjectMapping: 0.044400 ms MarkObjects: 1.590400 ms  DeleteObjects: 0.272000 ms)

========================================================================
Received Prepare
Registering precompiled user dll's ...
Registered in 0.000874 seconds.
Begin MonoManager ReloadAssembly
Native extension for WindowsStandalone target not found
Refreshing native plugins compatible for Editor in 0.38 ms, found 1 plugins.
Preloading 0 native plugins for Editor in 0.00 ms.
Mono: successfully reloaded assembly
- Completed reload, in  0.681 seconds
Platform modules already initialized, skipping
Refreshing native plugins compatible for Editor in 0.37 ms, found 1 plugins.
Preloading 0 native plugins for Editor in 0.00 ms.
Unloading 1854 Unused Serialized files (Serialized files now loaded: 0)
System memory in use before: 91.8 MB.
System memory in use after: 91.3 MB.

Unloading 20 unused Assets to reduce memory usage. Loaded Objects now: 2441.
Total: 1.998800 ms (FindLiveObjects: 0.134200 ms CreateObjectMapping: 0.044200 ms MarkObjects: 1.556000 ms  DeleteObjects: 0.263700 ms)

========================================================================
Received Prepare
Registering precompiled user dll's ...
Registered in 0.000685 seconds.
Begin MonoManager ReloadAssembly
Native extension for WindowsStandalone target not found
Refreshing native plugins compatible for Editor in 0.40 ms, found 1 plugins.
Preloading 0 native plugins for Editor in 0.00 ms.
Mono: successfully reloaded assembly
- Completed reload, in  0.689 seconds
Platform modules already initialized, skipping
Refreshing native plugins compatible for Editor in 0.38 ms, found 1 plugins.
Preloading 0 native plugins for Editor in 0.00 ms.
Unloading 1854 Unused Serialized files (Serialized files now loaded: 0)
System memory in use before: 91.8 MB.
System memory in use after: 91.3 MB.

Unloading 20 unused Assets to reduce memory usage. Loaded Objects now: 2445.
Total: 2.090600 ms (FindLiveObjects: 0.173800 ms CreateObjectMapping: 0.050700 ms MarkObjects: 1.581800 ms  DeleteObjects: 0.283700 ms)

========================================================================
Received Prepare
Registering precompiled user dll's ...
Registered in 0.000681 seconds.
Begin MonoManager ReloadAssembly
Native extension for WindowsStandalone target not found
Refreshing native plugins compatible for Editor in 0.38 ms, found 1 plugins.
Preloading 0 native plugins for Editor in 0.00 ms.
Mono: successfully reloaded assembly
- Completed reload, in  0.690 seconds
Platform modules already initialized, skipping
Refreshing native plugins compatible for Editor in 0.38 ms, found 1 plugins.
Preloading 0 native plugins for Editor in 0.00 ms.
Unloading 1854 Unused Serialized files (Serialized files now loaded: 0)
System memory in use before: 91.8 MB.
System memory in use after: 91.3 MB.

Unloading 20 unused Assets to reduce memory usage. Loaded Objects now: 2449.
Total: 2.148800 ms (FindLiveObjects: 0.170000 ms CreateObjectMapping: 0.048600 ms MarkObjects: 1.619000 ms  DeleteObjects: 0.310600 ms)

========================================================================
Received Prepare
Registering precompiled user dll's ...
Registered in 0.000706 seconds.
Begin MonoManager ReloadAssembly
Native extension for WindowsStandalone target not found
Refreshing native plugins compatible for Editor in 0.45 ms, found 1 plugins.
Preloading 0 native plugins for Editor in 0.00 ms.
Mono: successfully reloaded assembly
- Completed reload, in  0.715 seconds
Platform modules already initialized, skipping
Refreshing native plugins compatible for Editor in 0.38 ms, found 1 plugins.
Preloading 0 native plugins for Editor in 0.00 ms.
Unloading 1854 Unused Serialized files (Serialized files now loaded: 0)
System memory in use before: 91.8 MB.
System memory in use after: 91.3 MB.

Unloading 20 unused Assets to reduce memory usage. Loaded Objects now: 2453.
Total: 2.161600 ms (FindLiveObjects: 0.173900 ms CreateObjectMapping: 0.047300 ms MarkObjects: 1.657700 ms  DeleteObjects: 0.282000 ms)

========================================================================
Received Prepare
Registering precompiled user dll's ...
Registered in 0.000650 seconds.
Begin MonoManager ReloadAssembly
Native extension for WindowsStandalone target not found
Refreshing native plugins compatible for Editor in 0.38 ms, found 1 plugins.
Preloading 0 native plugins for Editor in 0.00 ms.
Mono: successfully reloaded assembly
- Completed reload, in  0.676 seconds
Platform modules already initialized, skipping
Refreshing native plugins compatible for Editor in 0.38 ms, found 1 plugins.
Preloading 0 native plugins for Editor in 0.00 ms.
Unloading 1854 Unused Serialized files (Serialized files now loaded: 0)
System memory in use before: 91.8 MB.
System memory in use after: 91.3 MB.

Unloading 20 unused Assets to reduce memory usage. Loaded Objects now: 2457.
Total: 1.978900 ms (FindLiveObjects: 0.144800 ms CreateObjectMapping: 0.047100 ms MarkObjects: 1.513600 ms  DeleteObjects: 0.272800 ms)

========================================================================
Received Prepare
Registering precompiled user dll's ...
Registered in 0.000681 seconds.
Begin MonoManager ReloadAssembly
Native extension for WindowsStandalone target not found
Refreshing native plugins compatible for Editor in 0.38 ms, found 1 plugins.
Preloading 0 native plugins for Editor in 0.00 ms.
Mono: successfully reloaded assembly
- Completed reload, in  0.669 seconds
Platform modules already initialized, skipping
Refreshing native plugins compatible for Editor in 0.38 ms, found 1 plugins.
Preloading 0 native plugins for Editor in 0.00 ms.
Unloading 1854 Unused Serialized files (Serialized files now loaded: 0)
System memory in use before: 91.8 MB.
System memory in use after: 91.3 MB.

Unloading 20 unused Assets to reduce memory usage. Loaded Objects now: 2461.
Total: 2.121000 ms (FindLiveObjects: 0.169200 ms CreateObjectMapping: 0.050000 ms MarkObjects: 1.633500 ms  DeleteObjects: 0.267700 ms)

========================================================================
Received Prepare
Registering precompiled user dll's ...
Registered in 0.000610 seconds.
Begin MonoManager ReloadAssembly
Native extension for WindowsStandalone target not found
Refreshing native plugins compatible for Editor in 0.39 ms, found 1 plugins.
Preloading 0 native plugins for Editor in 0.00 ms.
Mono: successfully reloaded assembly
- Completed reload, in  0.687 seconds
Platform modules already initialized, skipping
Refreshing native plugins compatible for Editor in 0.38 ms, found 1 plugins.
Preloading 0 native plugins for Editor in 0.00 ms.
Unloading 1854 Unused Serialized files (Serialized files now loaded: 0)
System memory in use before: 91.8 MB.
System memory in use after: 91.3 MB.

Unloading 20 unused Assets to reduce memory usage. Loaded Objects now: 2465.
Total: 2.029400 ms (FindLiveObjects: 0.156300 ms CreateObjectMapping: 0.054000 ms MarkObjects: 1.548300 ms  DeleteObjects: 0.270200 ms)

========================================================================
Received Prepare
Registering precompiled user dll's ...
Registered in 0.000676 seconds.
Begin MonoManager ReloadAssembly
Native extension for WindowsStandalone target not found
Refreshing native plugins compatible for Editor in 0.39 ms, found 1 plugins.
Preloading 0 native plugins for Editor in 0.00 ms.
Mono: successfully reloaded assembly
- Completed reload, in  0.700 seconds
Platform modules already initialized, skipping
Refreshing native plugins compatible for Editor in 0.39 ms, found 1 plugins.
Preloading 0 native plugins for Editor in 0.00 ms.
Unloading 1854 Unused Serialized files (Serialized files now loaded: 0)
System memory in use before: 91.8 MB.
System memory in use after: 91.3 MB.

Unloading 20 unused Assets to reduce memory usage. Loaded Objects now: 2469.
Total: 2.172200 ms (FindLiveObjects: 0.159100 ms CreateObjectMapping: 0.050900 ms MarkObjects: 1.673900 ms  DeleteObjects: 0.287200 ms)

========================================================================
Received Import Request.
  Time since last request: 1399.743024 seconds.
  path: Assets/Scenes/bg.png
  artifactKey: Guid(25cddb558d07edc49ae3733c89e3356c) Importer(815301076,1909f56bfc062723c751e8b465ee728b)
Start importing Assets/Scenes/bg.png using Guid(25cddb558d07edc49ae3733c89e3356c) Importer(815301076,1909f56bfc062723c751e8b465ee728b)  -> (artifact id: '7a1701212fe839b5e15c6faad5d4761d') in 0.074925 seconds
  Import took 0.077779 seconds .

========================================================================
Received Import Request.
  Time since last request: 0.000185 seconds.
  path: Assets/Scenes/child.png
  artifactKey: Guid(e1e708ec392265d43831183499dcd9b5) Importer(815301076,1909f56bfc062723c751e8b465ee728b)
Start importing Assets/Scenes/child.png using Guid(e1e708ec392265d43831183499dcd9b5) Importer(815301076,1909f56bfc062723c751e8b465ee728b)  -> (artifact id: '2f99b8ce27185d41426ef26e34f6faf2') in 0.026188 seconds
  Import took 0.028466 seconds .

========================================================================
Received Prepare
Registering precompiled user dll's ...
Registered in 0.000802 seconds.
Begin MonoManager ReloadAssembly
Native extension for WindowsStandalone target not found
Refreshing native plugins compatible for Editor in 0.39 ms, found 1 plugins.
Preloading 0 native plugins for Editor in 0.00 ms.
Mono: successfully reloaded assembly
- Completed reload, in  0.664 seconds
Platform modules already initialized, skipping
Refreshing native plugins compatible for Editor in 0.41 ms, found 1 plugins.
Preloading 0 native plugins for Editor in 0.00 ms.
Unloading 1854 Unused Serialized files (Serialized files now loaded: 0)
System memory in use before: 91.9 MB.
System memory in use after: 91.3 MB.

Unloading 20 unused Assets to reduce memory usage. Loaded Objects now: 2478.
Total: 2.096200 ms (FindLiveObjects: 0.165800 ms CreateObjectMapping: 0.044900 ms MarkObjects: 1.614800 ms  DeleteObjects: 0.270100 ms)

========================================================================
Received Import Request.
  Time since last request: 295.994814 seconds.
  path: Assets/Scenes/Story.unity
  artifactKey: Guid(0598c8717fbab354ba2b2b5e2ea58b00) Importer(815301076,1909f56bfc062723c751e8b465ee728b)
Start importing Assets/Scenes/Story.unity using Guid(0598c8717fbab354ba2b2b5e2ea58b00) Importer(815301076,1909f56bfc062723c751e8b465ee728b)  -> (artifact id: '76367bdb080e95c627668388305e63ea') in 0.011444 seconds
  Import took 0.014947 seconds .

========================================================================
Received Prepare
Registering precompiled user dll's ...
Registered in 0.000666 seconds.
Begin MonoManager ReloadAssembly
Native extension for WindowsStandalone target not found
Refreshing native plugins compatible for Editor in 0.39 ms, found 1 plugins.
Preloading 0 native plugins for Editor in 0.00 ms.
Mono: successfully reloaded assembly
- Completed reload, in  0.711 seconds
Platform modules already initialized, skipping
Refreshing native plugins compatible for Editor in 0.41 ms, found 1 plugins.
Preloading 0 native plugins for Editor in 0.00 ms.
Unloading 1854 Unused Serialized files (Serialized files now loaded: 0)
System memory in use before: 91.9 MB.
System memory in use after: 91.3 MB.

Unloading 20 unused Assets to reduce memory usage. Loaded Objects now: 2482.
Total: 2.035100 ms (FindLiveObjects: 0.175600 ms CreateObjectMapping: 0.051400 ms MarkObjects: 1.528300 ms  DeleteObjects: 0.279200 ms)

========================================================================
Received Prepare
Registering precompiled user dll's ...
Registered in 0.000680 seconds.
Begin MonoManager ReloadAssembly
Native extension for WindowsStandalone target not found
Refreshing native plugins compatible for Editor in 0.60 ms, found 1 plugins.
Preloading 0 native plugins for Editor in 0.00 ms.
Mono: successfully reloaded assembly
- Completed reload, in  0.686 seconds
Platform modules already initialized, skipping
Refreshing native plugins compatible for Editor in 0.40 ms, found 1 plugins.
Preloading 0 native plugins for Editor in 0.00 ms.
Unloading 1854 Unused Serialized files (Serialized files now loaded: 0)
System memory in use before: 91.9 MB.
System memory in use after: 91.3 MB.

Unloading 20 unused Assets to reduce memory usage. Loaded Objects now: 2486.
Total: 2.221900 ms (FindLiveObjects: 0.179900 ms CreateObjectMapping: 0.047900 ms MarkObjects: 1.706700 ms  DeleteObjects: 0.286600 ms)

========================================================================
Received Prepare
Registering precompiled user dll's ...
Registered in 0.000724 seconds.
Begin MonoManager ReloadAssembly
Native extension for WindowsStandalone target not found
Refreshing native plugins compatible for Editor in 0.39 ms, found 1 plugins.
Preloading 0 native plugins for Editor in 0.00 ms.
Mono: successfully reloaded assembly
- Completed reload, in  0.686 seconds
Platform modules already initialized, skipping
Refreshing native plugins compatible for Editor in 0.40 ms, found 1 plugins.
Preloading 0 native plugins for Editor in 0.00 ms.
Unloading 1854 Unused Serialized files (Serialized files now loaded: 0)
System memory in use before: 91.9 MB.
System memory in use after: 91.4 MB.

Unloading 20 unused Assets to reduce memory usage. Loaded Objects now: 2490.
Total: 1.902400 ms (FindLiveObjects: 0.165800 ms CreateObjectMapping: 0.051200 ms MarkObjects: 1.407300 ms  DeleteObjects: 0.277600 ms)

========================================================================
Received Prepare
Registering precompiled user dll's ...
Registered in 0.000662 seconds.
Begin MonoManager ReloadAssembly
Native extension for WindowsStandalone target not found
Refreshing native plugins compatible for Editor in 0.38 ms, found 1 plugins.
Preloading 0 native plugins for Editor in 0.00 ms.
Mono: successfully reloaded assembly
- Completed reload, in  0.684 seconds
Platform modules already initialized, skipping
Refreshing native plugins compatible for Editor in 0.39 ms, found 1 plugins.
Preloading 0 native plugins for Editor in 0.00 ms.
Unloading 1854 Unused Serialized files (Serialized files now loaded: 0)
System memory in use before: 91.9 MB.
System memory in use after: 91.4 MB.

Unloading 20 unused Assets to reduce memory usage. Loaded Objects now: 2494.
Total: 2.073500 ms (FindLiveObjects: 0.186700 ms CreateObjectMapping: 0.057100 ms MarkObjects: 1.551400 ms  DeleteObjects: 0.277600 ms)

========================================================================
Received Prepare
Registering precompiled user dll's ...
Registered in 0.000647 seconds.
Begin MonoManager ReloadAssembly
Native extension for WindowsStandalone target not found
Refreshing native plugins compatible for Editor in 0.39 ms, found 1 plugins.
Preloading 0 native plugins for Editor in 0.00 ms.
Mono: successfully reloaded assembly
- Completed reload, in  0.708 seconds
Platform modules already initialized, skipping
Refreshing native plugins compatible for Editor in 0.43 ms, found 1 plugins.
Preloading 0 native plugins for Editor in 0.00 ms.
Unloading 1854 Unused Serialized files (Serialized files now loaded: 0)
System memory in use before: 91.9 MB.
System memory in use after: 91.4 MB.

Unloading 20 unused Assets to reduce memory usage. Loaded Objects now: 2498.
Total: 2.035000 ms (FindLiveObjects: 0.172200 ms CreateObjectMapping: 0.045100 ms MarkObjects: 1.538600 ms  DeleteObjects: 0.278400 ms)

========================================================================
Received Prepare
Registering precompiled user dll's ...
Registered in 0.000785 seconds.
Begin MonoManager ReloadAssembly
Native extension for WindowsStandalone target not found
Refreshing native plugins compatible for Editor in 0.39 ms, found 1 plugins.
Preloading 0 native plugins for Editor in 0.00 ms.
Mono: successfully reloaded assembly
- Completed reload, in  0.723 seconds
Platform modules already initialized, skipping
Refreshing native plugins compatible for Editor in 0.39 ms, found 1 plugins.
Preloading 0 native plugins for Editor in 0.00 ms.
Unloading 1854 Unused Serialized files (Serialized files now loaded: 0)
System memory in use before: 91.9 MB.
System memory in use after: 91.4 MB.

Unloading 20 unused Assets to reduce memory usage. Loaded Objects now: 2502.
Total: 2.033400 ms (FindLiveObjects: 0.165500 ms CreateObjectMapping: 0.054500 ms MarkObjects: 1.532800 ms  DeleteObjects: 0.280000 ms)

========================================================================
Received Prepare
Registering precompiled user dll's ...
Registered in 0.000716 seconds.
Begin MonoManager ReloadAssembly
Native extension for WindowsStandalone target not found
Refreshing native plugins compatible for Editor in 0.45 ms, found 1 plugins.
Preloading 0 native plugins for Editor in 0.00 ms.
Mono: successfully reloaded assembly
- Completed reload, in  0.702 seconds
Platform modules already initialized, skipping
Refreshing native plugins compatible for Editor in 0.38 ms, found 1 plugins.
Preloading 0 native plugins for Editor in 0.00 ms.
Unloading 1854 Unused Serialized files (Serialized files now loaded: 0)
System memory in use before: 91.9 MB.
System memory in use after: 91.4 MB.

Unloading 20 unused Assets to reduce memory usage. Loaded Objects now: 2506.
Total: 1.918900 ms (FindLiveObjects: 0.173100 ms CreateObjectMapping: 0.046700 ms MarkObjects: 1.424800 ms  DeleteObjects: 0.273800 ms)

========================================================================
Received Import Request.
  Time since last request: 3559.036416 seconds.
  path: Assets/script/new_user.cs
  artifactKey: Guid(9ebf33697868b414393142e995c872cd) Importer(815301076,1909f56bfc062723c751e8b465ee728b)
Start importing Assets/script/new_user.cs using Guid(9ebf33697868b414393142e995c872cd) Importer(815301076,1909f56bfc062723c751e8b465ee728b)  -> (artifact id: 'c3362e594d88ba1294c30f1af7e787ac') in 0.006568 seconds
  Import took 0.008930 seconds .

========================================================================
Received Prepare
Registering precompiled user dll's ...
Registered in 0.001069 seconds.
Begin MonoManager ReloadAssembly
Native extension for WindowsStandalone target not found
Refreshing native plugins compatible for Editor in 0.51 ms, found 1 plugins.
Preloading 0 native plugins for Editor in 0.00 ms.
Mono: successfully reloaded assembly
- Completed reload, in  0.776 seconds
Platform modules already initialized, skipping
Refreshing native plugins compatible for Editor in 0.40 ms, found 1 plugins.
Preloading 0 native plugins for Editor in 0.00 ms.
Unloading 1854 Unused Serialized files (Serialized files now loaded: 0)
System memory in use before: 91.9 MB.
System memory in use after: 91.4 MB.

Unloading 20 unused Assets to reduce memory usage. Loaded Objects now: 2510.
Total: 2.362800 ms (FindLiveObjects: 0.186600 ms CreateObjectMapping: 0.059100 ms MarkObjects: 1.818100 ms  DeleteObjects: 0.297900 ms)

========================================================================
Received Import Request.
  Time since last request: 108.747788 seconds.
  path: Assets/script/mainplay.cs
  artifactKey: Guid(263799ed608622d438a8da55c718550e) Importer(815301076,1909f56bfc062723c751e8b465ee728b)
Start importing Assets/script/mainplay.cs using Guid(263799ed608622d438a8da55c718550e) Importer(815301076,1909f56bfc062723c751e8b465ee728b)  -> (artifact id: '8b68bfead3daed892ddc363c9f640f77') in 0.007107 seconds
  Import took 0.009802 seconds .

========================================================================
Received Import Request.
  Time since last request: 0.023534 seconds.
  path: Assets/script/mainplay.cs
  artifactKey: Guid(263799ed608622d438a8da55c718550e) Importer(815301076,1909f56bfc062723c751e8b465ee728b)
Start importing Assets/script/mainplay.cs using Guid(263799ed608622d438a8da55c718550e) Importer(815301076,1909f56bfc062723c751e8b465ee728b)  -> (artifact id: '8b68bfead3daed892ddc363c9f640f77') in 0.001558 seconds
  Import took 0.004440 seconds .

========================================================================
Received Import Request.
  Time since last request: 93.862408 seconds.
  path: Assets/Puzzle stage & settings GUI Pack/google.png
  artifactKey: Guid(8dbf17161d3061443990ffedeb5e43e6) Importer(815301076,1909f56bfc062723c751e8b465ee728b)
Start importing Assets/Puzzle stage & settings GUI Pack/google.png using Guid(8dbf17161d3061443990ffedeb5e43e6) Importer(815301076,1909f56bfc062723c751e8b465ee728b)  -> (artifact id: '8b614aaaa0ce1d64cc224abb8a0fb473') in 0.058504 seconds
  Import took 0.061471 seconds .

========================================================================
Received Import Request.
  Time since last request: 2.461777 seconds.
  path: Assets/Puzzle stage & settings GUI Pack/Image_purple/+.png
  artifactKey: Guid(cb1269b815d452547a35ac09eb689c77) Importer(815301076,1909f56bfc062723c751e8b465ee728b)
Start importing Assets/Puzzle stage & settings GUI Pack/Image_purple/+.png using Guid(cb1269b815d452547a35ac09eb689c77) Importer(815301076,1909f56bfc062723c751e8b465ee728b)  -> (artifact id: 'c7479cad4720a472aed6c3f252db99c4') in 0.040125 seconds
  Import took 0.042868 seconds .

========================================================================
Received Import Request.
  Time since last request: 0.000196 seconds.
  path: Assets/Puzzle stage & settings GUI Pack/Image_purple/sound.png
  artifactKey: Guid(7a392473fb9b22b4c9422cc51bd5aebe) Importer(815301076,1909f56bfc062723c751e8b465ee728b)
Start importing Assets/Puzzle stage & settings GUI Pack/Image_purple/sound.png using Guid(7a392473fb9b22b4c9422cc51bd5aebe) Importer(815301076,1909f56bfc062723c751e8b465ee728b)  -> (artifact id: '8cd3404b17eaca2a034326df030bbbe7') in 0.025905 seconds
  Import took 0.028200 seconds .

========================================================================
Received Import Request.
  Time since last request: 0.000179 seconds.
  path: Assets/Puzzle stage & settings GUI Pack/Image_purple/bar.png
  artifactKey: Guid(4f8ebc950bdaf204497fcc3817737877) Importer(815301076,1909f56bfc062723c751e8b465ee728b)
Start importing Assets/Puzzle stage & settings GUI Pack/Image_purple/bar.png using Guid(4f8ebc950bdaf204497fcc3817737877) Importer(815301076,1909f56bfc062723c751e8b465ee728b)  -> (artifact id: '919ddfbb16cc29cd1714f8865748b65d') in 0.013104 seconds
  Import took 0.015579 seconds .

========================================================================
Received Import Request.
  Time since last request: 0.000285 seconds.
  path: Assets/Puzzle stage & settings GUI Pack/Image_purple/candy bar.png
  artifactKey: Guid(a09e1d58476695d48af4d3c67ca1e8cb) Importer(815301076,1909f56bfc062723c751e8b465ee728b)
Start importing Assets/Puzzle stage & settings GUI Pack/Image_purple/candy bar.png using Guid(a09e1d58476695d48af4d3c67ca1e8cb) Importer(815301076,1909f56bfc062723c751e8b465ee728b)  -> (artifact id: 'd139db529b2fcb509d3068ddc74d1cac') in 0.019504 seconds
  Import took 0.022041 seconds .

========================================================================
Received Import Request.
  Time since last request: 0.000314 seconds.
  path: Assets/Puzzle stage & settings GUI Pack/Image_purple/goods coin.png
  artifactKey: Guid(13cfa01c4a5d0814094b6e53bb7d6885) Importer(815301076,1909f56bfc062723c751e8b465ee728b)
Start importing Assets/Puzzle stage & settings GUI Pack/Image_purple/goods coin.png using Guid(13cfa01c4a5d0814094b6e53bb7d6885) Importer(815301076,1909f56bfc062723c751e8b465ee728b)  -> (artifact id: 'fefcd97f323d2f454647039629324e4c') in 0.073129 seconds
  Import took 0.075432 seconds .

========================================================================
Received Import Request.
  Time since last request: 0.000201 seconds.
  path: Assets/Puzzle stage & settings GUI Pack/Image_purple/goods jelly.png
  artifactKey: Guid(c85d29e8447ea6f44b3e759626bea0bc) Importer(815301076,1909f56bfc062723c751e8b465ee728b)
Start importing Assets/Puzzle stage & settings GUI Pack/Image_purple/goods jelly.png using Guid(c85d29e8447ea6f44b3e759626bea0bc) Importer(815301076,1909f56bfc062723c751e8b465ee728b)  -> (artifact id: '770bf31b5d50859c619f93339350c619') in 0.066321 seconds
  Import took 0.068616 seconds .

========================================================================
Received Import Request.
  Time since last request: 0.000182 seconds.
  path: Assets/Puzzle stage & settings GUI Pack/Image_purple/speed.png
  artifactKey: Guid(a94c982ad837a184a9a6948d7b429b9f) Importer(815301076,1909f56bfc062723c751e8b465ee728b)
Start importing Assets/Puzzle stage & settings GUI Pack/Image_purple/speed.png using Guid(a94c982ad837a184a9a6948d7b429b9f) Importer(815301076,1909f56bfc062723c751e8b465ee728b)  -> (artifact id: 'd88fbc3ffcbddfd1b33b2893fddf3c3a') in 0.021813 seconds
  Import took 0.024195 seconds .

========================================================================
Received Import Request.
  Time since last request: 0.000188 seconds.
  path: Assets/Puzzle stage & settings GUI Pack/Image_purple/x.png
  artifactKey: Guid(fa011a4b8671c904abf9e369d9939776) Importer(815301076,1909f56bfc062723c751e8b465ee728b)
Start importing Assets/Puzzle stage & settings GUI Pack/Image_purple/x.png using Guid(fa011a4b8671c904abf9e369d9939776) Importer(815301076,1909f56bfc062723c751e8b465ee728b)  -> (artifact id: 'e15f86d0eefc955918dc37d882244601') in 0.015922 seconds
  Import took 0.018488 seconds .

========================================================================
Received Import Request.
  Time since last request: 0.000205 seconds.
  path: Assets/Puzzle stage & settings GUI Pack/Image_purple/off.png
  artifactKey: Guid(56b1250cf36035148bfba5b94b37a17e) Importer(815301076,1909f56bfc062723c751e8b465ee728b)
Start importing Assets/Puzzle stage & settings GUI Pack/Image_purple/off.png using Guid(56b1250cf36035148bfba5b94b37a17e) Importer(815301076,1909f56bfc062723c751e8b465ee728b)  -> (artifact id: '5930109c57d569705a3a065d5a945867') in 0.019426 seconds
  Import took 0.022132 seconds .

========================================================================
Received Import Request.
  Time since last request: 0.000206 seconds.
  path: Assets/Puzzle stage & settings GUI Pack/Image_purple/music.png
  artifactKey: Guid(3266d7771bd9dac4383217d0cfaa001e) Importer(815301076,1909f56bfc062723c751e8b465ee728b)
Start importing Assets/Puzzle stage & settings GUI Pack/Image_purple/music.png using Guid(3266d7771bd9dac4383217d0cfaa001e) Importer(815301076,1909f56bfc062723c751e8b465ee728b)  -> (artifact id: '764b0defbad13a117c2a00b803b4d5c0') in 0.018433 seconds
  Import took 0.021087 seconds .

========================================================================
Received Import Request.
  Time since last request: 0.000193 seconds.
  path: Assets/Puzzle stage & settings GUI Pack/Image_purple/line.png
  artifactKey: Guid(d18ba0fffc267c343b27ea5e9d256807) Importer(815301076,1909f56bfc062723c751e8b465ee728b)
Start importing Assets/Puzzle stage & settings GUI Pack/Image_purple/line.png using Guid(d18ba0fffc267c343b27ea5e9d256807) Importer(815301076,1909f56bfc062723c751e8b465ee728b)  -> (artifact id: '849b8e75c8c2499b066775c9b203d16b') in 0.018372 seconds
  Import took 0.020721 seconds .

========================================================================
Received Import Request.
  Time since last request: 0.000199 seconds.
  path: Assets/Puzzle stage & settings GUI Pack/Image_purple/on.png
  artifactKey: Guid(1bb499147ade09a4290d1f976f22e034) Importer(815301076,1909f56bfc062723c751e8b465ee728b)
Start importing Assets/Puzzle stage & settings GUI Pack/Image_purple/on.png using Guid(1bb499147ade09a4290d1f976f22e034) Importer(815301076,1909f56bfc062723c751e8b465ee728b)  -> (artifact id: '6cf4fc7d445adcd9b312a0048efe4033') in 0.021852 seconds
  Import took 0.024109 seconds .

========================================================================
Received Import Request.
  Time since last request: 0.000192 seconds.
  path: Assets/Puzzle stage & settings GUI Pack/Image_purple/box.png
  artifactKey: Guid(83fce0d829b19e54981bcaec8dfe8fdb) Importer(815301076,1909f56bfc062723c751e8b465ee728b)
Start importing Assets/Puzzle stage & settings GUI Pack/Image_purple/box.png using Guid(83fce0d829b19e54981bcaec8dfe8fdb) Importer(815301076,1909f56bfc062723c751e8b465ee728b)  -> (artifact id: '03c40a8989fb405e469f116f97303e73') in 0.030086 seconds
  Import took 0.032439 seconds .

========================================================================
Received Import Request.
  Time since last request: 0.000178 seconds.
  path: Assets/Puzzle stage & settings GUI Pack/Image_purple/jelly.png
  artifactKey: Guid(738e2ba3a3c385d4e80dfaa00d6b38fb) Importer(815301076,1909f56bfc062723c751e8b465ee728b)
Start importing Assets/Puzzle stage & settings GUI Pack/Image_purple/jelly.png using Guid(738e2ba3a3c385d4e80dfaa00d6b38fb) Importer(815301076,1909f56bfc062723c751e8b465ee728b)  -> (artifact id: 'ad5965dd52083a948323d2fbc7a0c89e') in 0.018194 seconds
  Import took 0.020495 seconds .

========================================================================
Received Import Request.
  Time since last request: 0.000174 seconds.
  path: Assets/Puzzle stage & settings GUI Pack/Image_purple/bar box.png
  artifactKey: Guid(66e0e81de0936c643bd45eb669d2778a) Importer(815301076,1909f56bfc062723c751e8b465ee728b)
Start importing Assets/Puzzle stage & settings GUI Pack/Image_purple/bar box.png using Guid(66e0e81de0936c643bd45eb669d2778a) Importer(815301076,1909f56bfc062723c751e8b465ee728b)  -> (artifact id: '439af52fbbc082450f1ab2d8ba8e97e1') in 0.018574 seconds
  Import took 0.021112 seconds .

========================================================================
Received Import Request.
  Time since last request: 0.003306 seconds.
  path: Assets/Puzzle stage & settings GUI Pack/Image_purple/bar box.png
  artifactKey: Guid(66e0e81de0936c643bd45eb669d2778a) Importer(815301076,1909f56bfc062723c751e8b465ee728b)
Start importing Assets/Puzzle stage & settings GUI Pack/Image_purple/bar box.png using Guid(66e0e81de0936c643bd45eb669d2778a) Importer(815301076,1909f56bfc062723c751e8b465ee728b)  -> (artifact id: '439af52fbbc082450f1ab2d8ba8e97e1') in 0.005333 seconds
  Import took 0.007856 seconds .

========================================================================
Received Import Request.
  Time since last request: 6367.581245 seconds.
  path: Assets/Scenes/mainmap.unity
  artifactKey: Guid(605d915d7c0efbe409318118dedd12fb) Importer(815301076,1909f56bfc062723c751e8b465ee728b)
Start importing Assets/Scenes/mainmap.unity using Guid(605d915d7c0efbe409318118dedd12fb) Importer(815301076,1909f56bfc062723c751e8b465ee728b)  -> (artifact id: '686a0016969e2d805b3706114b20a4c8') in 0.008034 seconds
  Import took 0.011525 seconds .

========================================================================
Received Import Request.
  Time since last request: 179.084710 seconds.
  path: Assets/TextMesh Pro/Examples & Extras/Resources/Fonts & Materials/Roboto-Bold SDF.asset
  artifactKey: Guid(5302535af1044152a457ed104f1f4b91) Importer(815301076,1909f56bfc062723c751e8b465ee728b)
Start importing Assets/TextMesh Pro/Examples & Extras/Resources/Fonts & Materials/Roboto-Bold SDF.asset using Guid(5302535af1044152a457ed104f1f4b91) Importer(815301076,1909f56bfc062723c751e8b465ee728b)  -> (artifact id: 'bfb93c09ad45f6e656fb1966a95741fa') in 0.110762 seconds
  Import took 0.113890 seconds .

========================================================================
Received Import Request.
  Time since last request: 0.000220 seconds.
  path: Assets/TextMesh Pro/Examples & Extras/Materials/Small Crate_diffuse.mat
  artifactKey: Guid(22262639920f43d6be32430e4e58350d) Importer(815301076,1909f56bfc062723c751e8b465ee728b)
Start importing Assets/TextMesh Pro/Examples & Extras/Materials/Small Crate_diffuse.mat using Guid(22262639920f43d6be32430e4e58350d) Importer(815301076,1909f56bfc062723c751e8b465ee728b)  -> (artifact id: 'f087dcf16cec75a6974325e7c470dd37') in 0.231220 seconds
  Import took 0.233555 seconds .

========================================================================
Received Import Request.
  Time since last request: 694.430690 seconds.
  path: Assets/Scenes/Story.unity
  artifactKey: Guid(0598c8717fbab354ba2b2b5e2ea58b00) Importer(815301076,1909f56bfc062723c751e8b465ee728b)
Start importing Assets/Scenes/Story.unity using Guid(0598c8717fbab354ba2b2b5e2ea58b00) Importer(815301076,1909f56bfc062723c751e8b465ee728b)  -> (artifact id: '853fa5ad4c0bea8e1792c27f87f83c26') in 0.006116 seconds
  Import took 0.009279 seconds .

========================================================================
Received Prepare
Registering precompiled user dll's ...
Registered in 0.000923 seconds.
Begin MonoManager ReloadAssembly
Native extension for WindowsStandalone target not found
Refreshing native plugins compatible for Editor in 0.39 ms, found 1 plugins.
Preloading 0 native plugins for Editor in 0.00 ms.
Mono: successfully reloaded assembly
- Completed reload, in  0.819 seconds
Platform modules already initialized, skipping
Refreshing native plugins compatible for Editor in 0.43 ms, found 1 plugins.
Preloading 0 native plugins for Editor in 0.00 ms.
Unloading 1854 Unused Serialized files (Serialized files now loaded: 0)
System memory in use before: 92.0 MB.
System memory in use after: 91.6 MB.

Unloading 19 unused Assets to reduce memory usage. Loaded Objects now: 2535.
Total: 2.346900 ms (FindLiveObjects: 0.217900 ms CreateObjectMapping: 0.076500 ms MarkObjects: 1.762900 ms  DeleteObjects: 0.288300 ms)

========================================================================
Received Prepare
Registering precompiled user dll's ...
Registered in 0.000916 seconds.
Begin MonoManager ReloadAssembly
Native extension for WindowsStandalone target not found
Refreshing native plugins compatible for Editor in 0.39 ms, found 1 plugins.
Preloading 0 native plugins for Editor in 0.00 ms.
Mono: successfully reloaded assembly
- Completed reload, in  0.708 seconds
Platform modules already initialized, skipping
Refreshing native plugins compatible for Editor in 0.39 ms, found 1 plugins.
Preloading 0 native plugins for Editor in 0.00 ms.
Unloading 1853 Unused Serialized files (Serialized files now loaded: 0)
System memory in use before: 92.0 MB.
System memory in use after: 91.5 MB.

Unloading 19 unused Assets to reduce memory usage. Loaded Objects now: 2539.
Total: 1.997900 ms (FindLiveObjects: 0.154800 ms CreateObjectMapping: 0.051800 ms MarkObjects: 1.536000 ms  DeleteObjects: 0.254600 ms)

========================================================================
Received Prepare
Registering precompiled user dll's ...
Registered in 0.000622 seconds.
Begin MonoManager ReloadAssembly
Native extension for WindowsStandalone target not found
Refreshing native plugins compatible for Editor in 0.38 ms, found 1 plugins.
Preloading 0 native plugins for Editor in 0.00 ms.
Mono: successfully reloaded assembly
- Completed reload, in  0.681 seconds
Platform modules already initialized, skipping
Refreshing native plugins compatible for Editor in 0.41 ms, found 1 plugins.
Preloading 0 native plugins for Editor in 0.00 ms.
Unloading 1853 Unused Serialized files (Serialized files now loaded: 0)
System memory in use before: 92.0 MB.
System memory in use after: 91.5 MB.

Unloading 19 unused Assets to reduce memory usage. Loaded Objects now: 2543.
Total: 1.985500 ms (FindLiveObjects: 0.157300 ms CreateObjectMapping: 0.053700 ms MarkObjects: 1.526200 ms  DeleteObjects: 0.247500 ms)

========================================================================
Received Prepare
Registering precompiled user dll's ...
Registered in 0.000764 seconds.
Begin MonoManager ReloadAssembly
Native extension for WindowsStandalone target not found
Refreshing native plugins compatible for Editor in 0.39 ms, found 1 plugins.
Preloading 0 native plugins for Editor in 0.00 ms.
Mono: successfully reloaded assembly
- Completed reload, in  0.685 seconds
Platform modules already initialized, skipping
Refreshing native plugins compatible for Editor in 0.39 ms, found 1 plugins.
Preloading 0 native plugins for Editor in 0.00 ms.
Unloading 1853 Unused Serialized files (Serialized files now loaded: 0)
System memory in use before: 92.0 MB.
System memory in use after: 91.5 MB.

Unloading 19 unused Assets to reduce memory usage. Loaded Objects now: 2547.
Total: 2.140000 ms (FindLiveObjects: 0.178600 ms CreateObjectMapping: 0.053100 ms MarkObjects: 1.649400 ms  DeleteObjects: 0.258300 ms)

========================================================================
Received Prepare
Registering precompiled user dll's ...
Registered in 0.000726 seconds.
Begin MonoManager ReloadAssembly
Native extension for WindowsStandalone target not found
Refreshing native plugins compatible for Editor in 0.40 ms, found 1 plugins.
Preloading 0 native plugins for Editor in 0.00 ms.
Mono: successfully reloaded assembly
- Completed reload, in  0.787 seconds
Platform modules already initialized, skipping
Refreshing native plugins compatible for Editor in 0.39 ms, found 1 plugins.
Preloading 0 native plugins for Editor in 0.00 ms.
Unloading 1853 Unused Serialized files (Serialized files now loaded: 0)
System memory in use before: 92.0 MB.
System memory in use after: 91.5 MB.

Unloading 19 unused Assets to reduce memory usage. Loaded Objects now: 2551.
Total: 1.869300 ms (FindLiveObjects: 0.171500 ms CreateObjectMapping: 0.054800 ms MarkObjects: 1.368600 ms  DeleteObjects: 0.273600 ms)

